<?xml version="1.0" encoding="UTF-8"?>
<!-- Generated by org.testng.reporters.JUnitXMLReporter -->
<testsuite hostname="Gozdes-MacBook-Pro.local" ignored="0" name=" HW Regression Test" tests="3" failures="0" timestamp="2020-09-04T13:25:10 PDT" time="48.593" errors="0">
  <testcase name="addEmployee" time="16.33" classname="com.syntax.class3.HW2ndversion"/>
  <testcase name="addEmployee" time="12.891" classname="com.syntax.class3.HW2ndversion"/>
  <testcase name="addEmployee" time="12.982" classname="com.syntax.class3.HW2ndversion"/>
</testsuite> <!--  HW Regression Test -->
