<?xml version="1.0" encoding="UTF-8"?>
<!-- Generated by org.testng.reporters.JUnitXMLReporter -->
<testsuite hostname="Gozdes-MacBook-Pro.local" ignored="25" name="Test" tests="1" failures="0" timestamp="2020-09-03T17:00:04 PDT" time="4.709" errors="0">
  <testcase name="validLogin" time="2.001" classname="com.syntax.class2.Dependancy"/>
  <testcase name="testMethod3" time="0.0" classname="com.syntax.class1.DifferentAnnotations">
    <ignored/>
  </testcase> <!-- testMethod3 -->
  <testcase name="testMethod2" time="0.0" classname="com.syntax.class2.AllAnnotations">
    <ignored/>
  </testcase> <!-- testMethod2 -->
  <testcase name="testMethod" time="0.0" classname="com.syntax.class2.AllAnnotations">
    <ignored/>
  </testcase> <!-- testMethod -->
  <testcase name="testTwo" time="0.0" classname="com.syntax.class1.TestNgIntro">
    <ignored/>
  </testcase> <!-- testTwo -->
  <testcase name="invalidLogin" time="0.0" classname="com.syntax.class1.TaskNegativeLogin">
    <ignored/>
  </testcase> <!-- invalidLogin -->
  <testcase name="titleValidation" time="0.0" classname="com.syntax.class2.HardAssertion">
    <ignored/>
  </testcase> <!-- titleValidation -->
  <testcase name="f" time="0.0" classname="com.syntax.class1.NewTest">
    <ignored/>
  </testcase> <!-- f -->
  <testcase name="labelsDisplayed" time="0.0" classname="com.syntax.class2.TaskSOLUTION">
    <ignored/>
  </testcase> <!-- labelsDisplayed -->
  <testcase name="testMethod1" time="0.0" classname="com.syntax.class1.Task">
    <ignored/>
  </testcase> <!-- testMethod1 -->
  <testcase name="testThree" time="0.0" classname="com.syntax.class1.TestNgIntro">
    <ignored/>
  </testcase> <!-- testThree -->
  <testcase name="Login" time="0.0" classname="com.syntax.class2.TaskSOLUTION">
    <ignored/>
  </testcase> <!-- Login -->
  <testcase name="titleValidation" time="0.0" classname="com.syntax.class2.Dependancy">
    <ignored/>
  </testcase> <!-- titleValidation -->
  <testcase name="validLogin" time="0.0" classname="com.syntax.class1.HrmsTestCases">
    <ignored/>
  </testcase> <!-- validLogin -->
  <testcase name="testMethod2" time="0.0" classname="com.syntax.class1.Task">
    <ignored/>
  </testcase> <!-- testMethod2 -->
  <testcase name="invalidLogin" time="0.0" classname="com.syntax.class2.Dependancy">
    <ignored/>
  </testcase> <!-- invalidLogin -->
  <testcase name="invalidLoginError" time="0.0" classname="com.syntax.class2.SoftAssertion">
    <ignored/>
  </testcase> <!-- invalidLoginError -->
  <testcase name="verifyLabels" time="0.0" classname="com.syntax.class2.Task">
    <ignored/>
  </testcase> <!-- verifyLabels -->
  <testcase name="logoValidation" time="0.0" classname="com.syntax.class2.HardAssertion">
    <ignored/>
  </testcase> <!-- logoValidation -->
  <testcase name="testMethod" time="0.0" classname="com.syntax.class1.DifferentAnnotations">
    <ignored/>
  </testcase> <!-- testMethod -->
  <testcase name="loginFormText" time="0.0" classname="com.syntax.class2.HardAssertion">
    <ignored/>
  </testcase> <!-- loginFormText -->
  <testcase name="testMethod3" time="0.0" classname="com.syntax.class2.AllAnnotations">
    <ignored/>
  </testcase> <!-- testMethod3 -->
  <testcase name="verifyLogo" time="0.0" classname="com.syntax.class1.TaskLogoDisplayed">
    <ignored/>
  </testcase> <!-- verifyLogo -->
  <testcase name="titleValidation" time="0.0" classname="com.syntax.class1.HrmsTestCases">
    <ignored/>
  </testcase> <!-- titleValidation -->
  <testcase name="testMethod2" time="0.0" classname="com.syntax.class1.DifferentAnnotations">
    <ignored/>
  </testcase> <!-- testMethod2 -->
  <testcase name="testOne" time="0.0" classname="com.syntax.class1.TestNgIntro">
    <ignored/>
  </testcase> <!-- testOne -->
</testsuite> <!-- Test -->
