<?xml version="1.0" encoding="UTF-8"?>
<!-- Generated by org.testng.reporters.JUnitXMLReporter -->
<testsuite hostname="Gozdes-MacBook-Pro.local" ignored="0" name="Test" tests="3" failures="0" timestamp="2020-08-30T11:33:38 PDT" time="0.035" errors="0">
  <testcase name="testMethod" time="0.004" classname="com.syntax.class1.DifferentAnnotations"/>
  <testcase name="testMethod2" time="0.001" classname="com.syntax.class1.DifferentAnnotations"/>
  <testcase name="testMethod3" time="0.0" classname="com.syntax.class1.DifferentAnnotations"/>
</testsuite> <!-- Test -->
