<?xml version="1.0" encoding="UTF-8"?>
<!-- Generated by org.testng.reporters.JUnitXMLReporter -->
<testsuite hostname="Gozdes-MacBook-Pro.local" ignored="0" name="Test" tests="5" failures="0" timestamp="2020-09-04T09:59:25 PDT" time="35.602" errors="0">
  <testcase name="multipleLogin" time="5.284" classname="com.syntax.class3.HW"/>
  <testcase name="multipleLogin" time="4.633" classname="com.syntax.class3.HW"/>
  <testcase name="multipleLogin" time="4.133" classname="com.syntax.class3.HW"/>
  <testcase name="multipleLogin" time="4.547" classname="com.syntax.class3.HW"/>
  <testcase name="multipleLogin" time="4.178" classname="com.syntax.class3.HW"/>
</testsuite> <!-- Test -->
