<?xml version="1.0" encoding="UTF-8"?>
<testng-results skipped="0" failed="0" ignored="0" total="3" passed="3">
  <reporter-output>
  </reporter-output>
  <suite name="Suite" duration-ms="35" started-at="2020-08-30T11:33:37 PDT" finished-at="2020-08-30T11:33:37 PDT">
    <groups>
    </groups>
    <test name="Test" duration-ms="35" started-at="2020-08-30T11:33:37 PDT" finished-at="2020-08-30T11:33:37 PDT">
      <class name="com.syntax.class1.DifferentAnnotations">
        <test-method status="PASS" signature="beforeClass()[pri:0, instance:com.syntax.class1.DifferentAnnotations@5c5a1b69]" name="beforeClass" is-config="true" duration-ms="5" started-at="2020-08-30T11:33:37 PDT" finished-at="2020-08-30T11:33:37 PDT">
          <reporter-output>
          </reporter-output>
        </test-method> <!-- beforeClass -->
        <test-method status="PASS" signature="before()[pri:0, instance:com.syntax.class1.DifferentAnnotations@5c5a1b69]" name="before" is-config="true" duration-ms="0" started-at="2020-08-30T11:33:37 PDT" finished-at="2020-08-30T11:33:37 PDT">
          <reporter-output>
          </reporter-output>
        </test-method> <!-- before -->
        <test-method status="PASS" signature="testMethod()[pri:0, instance:com.syntax.class1.DifferentAnnotations@5c5a1b69]" name="testMethod" duration-ms="4" started-at="2020-08-30T11:33:37 PDT" finished-at="2020-08-30T11:33:37 PDT">
          <reporter-output>
          </reporter-output>
        </test-method> <!-- testMethod -->
        <test-method status="PASS" signature="after()[pri:0, instance:com.syntax.class1.DifferentAnnotations@5c5a1b69]" name="after" is-config="true" duration-ms="0" started-at="2020-08-30T11:33:37 PDT" finished-at="2020-08-30T11:33:37 PDT">
          <reporter-output>
          </reporter-output>
        </test-method> <!-- after -->
        <test-method status="PASS" signature="before()[pri:0, instance:com.syntax.class1.DifferentAnnotations@5c5a1b69]" name="before" is-config="true" duration-ms="0" started-at="2020-08-30T11:33:37 PDT" finished-at="2020-08-30T11:33:37 PDT">
          <reporter-output>
          </reporter-output>
        </test-method> <!-- before -->
        <test-method status="PASS" signature="testMethod2()[pri:0, instance:com.syntax.class1.DifferentAnnotations@5c5a1b69]" name="testMethod2" duration-ms="1" started-at="2020-08-30T11:33:37 PDT" finished-at="2020-08-30T11:33:37 PDT">
          <reporter-output>
          </reporter-output>
        </test-method> <!-- testMethod2 -->
        <test-method status="PASS" signature="before()[pri:0, instance:com.syntax.class1.DifferentAnnotations@5c5a1b69]" name="before" is-config="true" duration-ms="1" started-at="2020-08-30T11:33:37 PDT" finished-at="2020-08-30T11:33:37 PDT">
          <reporter-output>
          </reporter-output>
        </test-method> <!-- before -->
        <test-method status="PASS" signature="after()[pri:0, instance:com.syntax.class1.DifferentAnnotations@5c5a1b69]" name="after" is-config="true" duration-ms="0" started-at="2020-08-30T11:33:37 PDT" finished-at="2020-08-30T11:33:37 PDT">
          <reporter-output>
          </reporter-output>
        </test-method> <!-- after -->
        <test-method status="PASS" signature="testMethod3()[pri:0, instance:com.syntax.class1.DifferentAnnotations@5c5a1b69]" name="testMethod3" duration-ms="0" started-at="2020-08-30T11:33:37 PDT" finished-at="2020-08-30T11:33:37 PDT">
          <reporter-output>
          </reporter-output>
        </test-method> <!-- testMethod3 -->
        <test-method status="PASS" signature="afterClass()[pri:0, instance:com.syntax.class1.DifferentAnnotations@5c5a1b69]" name="afterClass" is-config="true" duration-ms="1" started-at="2020-08-30T11:33:37 PDT" finished-at="2020-08-30T11:33:37 PDT">
          <reporter-output>
          </reporter-output>
        </test-method> <!-- afterClass -->
        <test-method status="PASS" signature="after()[pri:0, instance:com.syntax.class1.DifferentAnnotations@5c5a1b69]" name="after" is-config="true" duration-ms="0" started-at="2020-08-30T11:33:37 PDT" finished-at="2020-08-30T11:33:37 PDT">
          <reporter-output>
          </reporter-output>
        </test-method> <!-- after -->
      </class> <!-- com.syntax.class1.DifferentAnnotations -->
    </test> <!-- Test -->
  </suite> <!-- Suite -->
</testng-results>
